  P_P_NP.cpp
E:\Git Files\Scheduling-Algorithms\P_P_NP\P_P_NP\P_P_NP.cpp(92,20): warning C4018: '<': signed/unsigned mismatch
E:\Git Files\Scheduling-Algorithms\P_P_NP\P_P_NP\P_P_NP.cpp(95,20): warning C4018: '<': signed/unsigned mismatch
E:\Git Files\Scheduling-Algorithms\P_P_NP\P_P_NP\P_P_NP.cpp(98,20): warning C4018: '<': signed/unsigned mismatch
E:\Git Files\Scheduling-Algorithms\P_P_NP\P_P_NP\P_P_NP.cpp(109,21): warning C4018: '<': signed/unsigned mismatch
E:\Git Files\Scheduling-Algorithms\P_P_NP\P_P_NP\P_P_NP.cpp(147,15): warning C4553: '==': result of expression not used; did you intend '='?
E:\Git Files\Scheduling-Algorithms\P_P_NP\P_P_NP\P_P_NP.cpp(156,21): warning C4018: '<': signed/unsigned mismatch
E:\Git Files\Scheduling-Algorithms\P_P_NP\P_P_NP\P_P_NP.cpp(206,12): warning C4309: 'initializing': truncation of constant value
E:\Git Files\Scheduling-Algorithms\P_P_NP\P_P_NP\P_P_NP.cpp(207,12): warning C4309: 'initializing': truncation of constant value
E:\Git Files\Scheduling-Algorithms\P_P_NP\P_P_NP\P_P_NP.cpp(208,12): warning C4309: 'initializing': truncation of constant value
E:\Git Files\Scheduling-Algorithms\P_P_NP\P_P_NP\P_P_NP.cpp(209,12): warning C4309: 'initializing': truncation of constant value
E:\Git Files\Scheduling-Algorithms\P_P_NP\P_P_NP\P_P_NP.cpp(210,12): warning C4309: 'initializing': truncation of constant value
E:\Git Files\Scheduling-Algorithms\P_P_NP\P_P_NP\P_P_NP.cpp(211,12): warning C4309: 'initializing': truncation of constant value
E:\Git Files\Scheduling-Algorithms\P_P_NP\P_P_NP\P_P_NP.cpp(212,12): warning C4309: 'initializing': truncation of constant value
E:\Git Files\Scheduling-Algorithms\P_P_NP\P_P_NP\P_P_NP.cpp(213,12): warning C4309: 'initializing': truncation of constant value
E:\Git Files\Scheduling-Algorithms\P_P_NP\P_P_NP\P_P_NP.cpp(224,32): warning C4018: '<': signed/unsigned mismatch
E:\Git Files\Scheduling-Algorithms\P_P_NP\P_P_NP\P_P_NP.cpp(265,32): warning C4018: '<': signed/unsigned mismatch
E:\Git Files\Scheduling-Algorithms\P_P_NP\P_P_NP\P_P_NP.cpp(307,32): warning C4018: '<': signed/unsigned mismatch
E:\Git Files\Scheduling-Algorithms\P_P_NP\P_P_NP\P_P_NP.cpp(347,32): warning C4018: '<': signed/unsigned mismatch
E:\Git Files\Scheduling-Algorithms\P_P_NP\P_P_NP\P_P_NP.cpp(380,12): warning C4309: 'initializing': truncation of constant value
E:\Git Files\Scheduling-Algorithms\P_P_NP\P_P_NP\P_P_NP.cpp(381,12): warning C4309: 'initializing': truncation of constant value
E:\Git Files\Scheduling-Algorithms\P_P_NP\P_P_NP\P_P_NP.cpp(382,12): warning C4309: 'initializing': truncation of constant value
E:\Git Files\Scheduling-Algorithms\P_P_NP\P_P_NP\P_P_NP.cpp(383,12): warning C4309: 'initializing': truncation of constant value
E:\Git Files\Scheduling-Algorithms\P_P_NP\P_P_NP\P_P_NP.cpp(384,12): warning C4309: 'initializing': truncation of constant value
E:\Git Files\Scheduling-Algorithms\P_P_NP\P_P_NP\P_P_NP.cpp(385,12): warning C4309: 'initializing': truncation of constant value
E:\Git Files\Scheduling-Algorithms\P_P_NP\P_P_NP\P_P_NP.cpp(386,12): warning C4309: 'initializing': truncation of constant value
E:\Git Files\Scheduling-Algorithms\P_P_NP\P_P_NP\P_P_NP.cpp(387,12): warning C4309: 'initializing': truncation of constant value
E:\Git Files\Scheduling-Algorithms\P_P_NP\P_P_NP\P_P_NP.cpp(388,15): warning C4309: 'initializing': truncation of constant value
E:\Git Files\Scheduling-Algorithms\P_P_NP\P_P_NP\P_P_NP.cpp(399,21): warning C4018: '<': signed/unsigned mismatch
  P_P_NP.vcxproj -> E:\Git Files\Scheduling-Algorithms\P_P_NP\Debug\P_P_NP.exe
